Removed Pin From Net: NetName=Servo1 Pin=D14-2
Removed Pin From Net: NetName=Servo2 Pin=D15-2
Removed Pin From Net: NetName=Servo3 Pin=D16-2
Removed Pin From Net: NetName=Servo4 Pin=D17-2
Removed Pin From Net: NetName=Servo5 Pin=D18-2
Removed Pin From Net: NetName=Servo6 Pin=D19-2
Removed Pin From Net: NetName=Servo7 Pin=D20-2
Removed Pin From Net: NetName=+14.8V Pin=R21-2
Removed Pin From Net: NetName=+14.8V Pin=R22-2
Removed Pin From Net: NetName=+14.8V Pin=R23-2
Removed Pin From Net: NetName=+14.8V Pin=R24-2
Removed Pin From Net: NetName=+14.8V Pin=R25-2
Removed Pin From Net: NetName=+14.8V Pin=R26-2
Removed Pin From Net: NetName=+14.8V Pin=R27-2
Removed Member From Class: ClassName=EaglesPU Member=D14
Removed Member From Class: ClassName=EaglesPU Member=D15
Removed Member From Class: ClassName=EaglesPU Member=D16
Removed Member From Class: ClassName=EaglesPU Member=D17
Removed Member From Class: ClassName=EaglesPU Member=D18
Removed Member From Class: ClassName=EaglesPU Member=D19
Removed Member From Class: ClassName=EaglesPU Member=D20
Removed Member From Class: ClassName=EaglesPU Member=R21
Removed Member From Class: ClassName=EaglesPU Member=R22
Removed Member From Class: ClassName=EaglesPU Member=R23
Removed Member From Class: ClassName=EaglesPU Member=R24
Removed Member From Class: ClassName=EaglesPU Member=R25
Removed Member From Class: ClassName=EaglesPU Member=R26
Removed Member From Class: ClassName=EaglesPU Member=R27
Added Room: Name=EaglesPU
