Removed Pin From Net: NetName=GND Pin=J10-3
Removed Pin From Net: NetName=+3V3 Pin=P2-6
Removed Pin From Net: NetName=+3V3 Pin=P2-7
Removed Pin From Net: NetName=+3V3 Pin=P2-8
Removed Pin From Net: NetName=+3V3 Pin=P2-9
Removed Pin From Net: NetName=+3V3 Pin=P2-10
Removed Pin From Net: NetName=GND Pin=P2-11
Removed Pin From Net: NetName=GND Pin=P2-12
Removed Pin From Net: NetName=GND Pin=P2-13
Removed Pin From Net: NetName=GND Pin=P2-14
Removed Pin From Net: NetName=GND Pin=P2-15
Removed Pin From Net: NetName=GND Pin=P2-16
Removed Pin From Net: NetName=GND Pin=P2-17
Removed Pin From Net: NetName=GND Pin=P2-18
Removed Pin From Net: NetName=GND Pin=P2-19
Removed Pin From Net: NetName=GND Pin=P2-20
Change Component Footprint: Designator=J10 Old Footprint=DC-002 New Footprint=XT60PW-M
Change Component Footprint: Designator=P2 Old Footprint=Header 2.54_2X10 New Footprint=Header 1.27_2X5
Change Component Comment : Designator=P2 Old Comment=Connector Pinheader 2x10 New Comment=Connector Pinheader 2x5
Change Component Comment : Designator=J10 Old Comment=DC_Socket New Comment=Input 12V
Change component parameters: Designator = "J10" ("J10"); Footprint = "DC-002"; UniqueID = "\HJCRVYVG" ("\HJCRVYVG")
Change component parameters (AddParameter): Name = "Manufacturer"; Value = "Changzhou Amass Elec"; VariantName = "[No Variations]"
Change component parameters (AddParameter): Name = "ManufacturerPartNumber"; Value = "XT60PW-M"; VariantName = "[No Variations]"
Change component parameters (AddParameter): Name = "Supplier"; Value = "LCSC"; VariantName = "[No Variations]"
Change component parameters (AddParameter): Name = "SupplierPartNumber"; Value = "C98732"; VariantName = "[No Variations]"
Added Pin To Net: NetName=GND Pin=P2-6
Added Pin To Net: NetName=GND Pin=P2-7
Added Pin To Net: NetName=GND Pin=P2-8
Added Pin To Net: NetName=GND Pin=P2-9
Added Pin To Net: NetName=GND Pin=P2-10
