Removed Pin From Net: NetName=+6V_1 Pin=C16-1
Removed Pin From Net: NetName=+6V_2 Pin=C18-1
Removed Pin From Net: NetName=+6V_3 Pin=C20-1
Removed Pin From Net: NetName=+6V_4 Pin=C22-1
Removed Pin From Net: NetName=+6V_5 Pin=C24-1
Removed Pin From Net: NetName=+6V_1 Pin=U3-3
Removed Pin From Net: NetName=+6V_2 Pin=U4-3
Removed Pin From Net: NetName=+6V_3 Pin=U5-3
Removed Pin From Net: NetName=+6V_4 Pin=U6-3
Removed Pin From Net: NetName=+6V_5 Pin=U7-3
Added Pin To Net: NetName=+6V Pin=C16-1
Added Pin To Net: NetName=+6V Pin=C18-1
Added Pin To Net: NetName=+6V Pin=C20-1
Added Pin To Net: NetName=+6V Pin=C22-1
Added Pin To Net: NetName=+6V Pin=C24-1
Added Pin To Net: NetName=+6V Pin=U3-3
Added Pin To Net: NetName=+6V Pin=U4-3
Added Pin To Net: NetName=+6V Pin=U5-3
Added Pin To Net: NetName=+6V Pin=U6-3
Added Pin To Net: NetName=+6V Pin=U7-3
Added Net: Name=+6V
