Change Component Comment : Designator=D1 Old Comment=750mV@10A New Comment=850mV@10A
Change Component Comment : Designator=D2 Old Comment=750mV@10A New Comment=850mV@10A
Change component parameters: Designator = "D1" ("D1"); Footprint = "TO-277"; UniqueID = "\WVWPHDDJ" ("\WVWPHDDJ")
Change component parameters (AddParameter): Name = "Manufacturer"; Value = "MDD(Microdiode Electronics)"; VariantName = "[No Variations]"
Change component parameters (AddParameter): Name = "Manufacturer Part number"; Value = "SB10100L"; VariantName = "[No Variations]"
Change component parameters (AddParameter): Name = "Supplier"; Value = "LCSC"; VariantName = "[No Variations]"
Change component parameters (AddParameter): Name = "Supplier Part Number"; Value = "C113946"; VariantName = "[No Variations]"
Change component parameters (AddParameter): Name = "Vf@If"; Value = "850mV@10A"; VariantName = "[No Variations]"
Change component parameters: Designator = "D2" ("D2"); Footprint = "TO-277"; UniqueID = "\EOCBVWFA" ("\EOCBVWFA")
Change component parameters (AddParameter): Name = "Manufacturer"; Value = "MDD(Microdiode Electronics)"; VariantName = "[No Variations]"
Change component parameters (AddParameter): Name = "Manufacturer Part number"; Value = "SB10100L"; VariantName = "[No Variations]"
Change component parameters (AddParameter): Name = "Supplier"; Value = "LCSC"; VariantName = "[No Variations]"
Change component parameters (AddParameter): Name = "Supplier Part Number"; Value = "C113946"; VariantName = "[No Variations]"
Change component parameters (AddParameter): Name = "Vf@If"; Value = "850mV@10A"; VariantName = "[No Variations]"
Add Component: Footprint Not Found Linear reagulator SMD AMS1117 - duplicate
Added Pin To Net: NetName=GND Pin=D1-A
Added Pin To Net: NetName=GND Pin=D1-A
Added Pin To Net: NetName=NetC1_2 Pin=D1-C
Added Pin To Net: NetName=GND Pin=D2-A
Added Pin To Net: NetName=GND Pin=D2-A
Added Pin To Net: NetName=NetC8_2 Pin=D2-C
Add Pin To Net: Unknown Pin: Pin U9-1
Add Pin To Net: Unknown Pin: Pin U9-2
Add Pin To Net: Unknown Pin: Pin U9-3
Add Class Member: Failed to add class member : Component U9 AMS1117
