Removed Pin From Net: NetName=GND Pin=C2-2
Removed Pin From Net: NetName=GND Pin=C3-2
Removed Pin From Net: NetName=GND Pin=C4-2
Removed Pin From Net: NetName=GND Pin=C6-1
Removed Pin From Net: NetName=+12V Pin=C7-1
Removed Pin From Net: NetName=GND Pin=C7-2
Removed Pin From Net: NetName=+12V Pin=C15-1
Removed Pin From Net: NetName=GND Pin=C15-2
Removed Pin From Net: NetName=+12V Pin=C16-1
Removed Pin From Net: NetName=GND Pin=C16-2
Removed Pin From Net: NetName=GND Pin=C18-1
Removed Pin From Net: NetName=GND Pin=C23-2
Removed Pin From Net: NetName=GND Pin=C24-2
Removed Pin From Net: NetName=GND Pin=C25-2
Removed Pin From Net: NetName=GND Pin=C26-2
Removed Pin From Net: NetName=GND Pin=D1-1
Removed Pin From Net: NetName=GND Pin=D3-2
Removed Pin From Net: NetName=GND Pin=J2-2
Removed Pin From Net: NetName=+12V Pin=L1-1
Removed Pin From Net: NetName=+12V Pin=R2-2
Removed Pin From Net: NetName=GND Pin=R3-1
Removed Pin From Net: NetName=GND Pin=R4-1
Removed Pin From Net: NetName=GND Pin=U1-7
Removed Pin From Net: NetName=GND Pin=U1-EPAD
Removed Member From Class: ClassName=Designator Member=C1
Removed Member From Class: ClassName=Designator Member=C2
Removed Member From Class: ClassName=Designator Member=C3
Removed Member From Class: ClassName=Designator Member=C4
Removed Member From Class: ClassName=Designator Member=C6
Removed Member From Class: ClassName=Designator Member=C7
Removed Member From Class: ClassName=Designator Member=C15
Removed Member From Class: ClassName=Designator Member=C16
Removed Member From Class: ClassName=Designator Member=C18
Removed Member From Class: ClassName=Designator Member=C23
Removed Member From Class: ClassName=Designator Member=C24
Removed Member From Class: ClassName=Designator Member=C25
Removed Member From Class: ClassName=Designator Member=C26
Removed Member From Class: ClassName=Designator Member=D1
Removed Member From Class: ClassName=Designator Member=D3
Removed Member From Class: ClassName=Designator Member=J2
Removed Member From Class: ClassName=Designator Member=L1
Removed Member From Class: ClassName=Designator Member=R1
Removed Member From Class: ClassName=Designator Member=R2
Removed Member From Class: ClassName=Designator Member=R3
Removed Member From Class: ClassName=Designator Member=R4
Removed Member From Class: ClassName=Designator Member=R9
Removed Member From Class: ClassName=Designator Member=U1
Added Member To Class: ClassName=Sheet1 Member=Component U8 ULN2803A
