Removed Pin From Net: NetName=+21V Pin=J10-1
Removed Pin From Net: NetName=GND Pin=J10-2
Removed Member From Class: ClassName=EaglesPU50 Member=J10
Change Component Footprint: Designator=C1 Old Footprint=CAP Ceramic SMD 0603 New Footprint=CAP Ceramic SMD 0603
Change Component Footprint: Designator=C5 Old Footprint=CAP Ceramic SMD 0603 New Footprint=CAP Ceramic SMD 0603
Change Component Footprint: Designator=C6 Old Footprint=CAP Ceramic SMD 0603 New Footprint=CAP Ceramic SMD 0603
Change Component Footprint: Designator=C7 Old Footprint=CAP Ceramic SMD 0603 New Footprint=CAP Ceramic SMD 0603
Change Component Footprint: Designator=C10 Old Footprint=CAP Ceramic SMD 0603 New Footprint=CAP Ceramic SMD 0603
Change Component Footprint: Designator=C14 Old Footprint=CAP Ceramic SMD 0603 New Footprint=CAP Ceramic SMD 0603
Change Component Footprint: Designator=C15 Old Footprint=CAP Ceramic SMD 0603 New Footprint=CAP Ceramic SMD 0603
Change Component Footprint: Designator=C19 Old Footprint=CAP Ceramic SMD 0603 New Footprint=CAP Ceramic SMD 0603
Change Component Footprint: Designator=C20 Old Footprint=CAP Ceramic SMD 0603 New Footprint=CAP Ceramic SMD 0603
Change Component Footprint: Designator=C21 Old Footprint=CAP Ceramic SMD 0603 New Footprint=CAP Ceramic SMD 0603
Change Component Footprint: Designator=C22 Old Footprint=CAP Ceramic SMD 0603 New Footprint=CAP Ceramic SMD 0603
Change Component Footprint: Designator=C23 Old Footprint=CAP Ceramic SMD 0603 New Footprint=CAP Ceramic SMD 0603
Change Component Footprint: Designator=C27 Old Footprint=CAP Ceramic SMD 0603 New Footprint=CAP Ceramic SMD 0603
Change Component Footprint: Designator=C28 Old Footprint=CAP Ceramic SMD 0603 New Footprint=CAP Ceramic SMD 0603
Change Component Footprint: Designator=C29 Old Footprint=CAP Ceramic SMD 0603 New Footprint=CAP Ceramic SMD 0603
Change Component Footprint: Designator=C30 Old Footprint=CAP Ceramic SMD 0603 New Footprint=CAP Ceramic SMD 0603
Change Component Footprint: Designator=C31 Old Footprint=CAP Ceramic SMD 0603 New Footprint=CAP Ceramic SMD 0603
Change Component Footprint: Designator=C35 Old Footprint=CAP Ceramic SMD 0603 New Footprint=CAP Ceramic SMD 0603
Change Component Footprint: Designator=C37 Old Footprint=CAP Ceramic SMD 0603 New Footprint=CAP Ceramic SMD 0603
Change Component Footprint: Designator=C38 Old Footprint=CAP Ceramic SMD 0603 New Footprint=CAP Ceramic SMD 0603
Change Component Footprint: Designator=C39 Old Footprint=CAP Ceramic SMD 0603 New Footprint=CAP Ceramic SMD 0603
Change Component Footprint: Designator=C40 Old Footprint=CAP Ceramic SMD 0603 New Footprint=CAP Ceramic SMD 0603
Change Component Footprint: Designator=C46 Old Footprint=CAP Ceramic SMD 0603 New Footprint=CAP Ceramic SMD 0603
Change Component Footprint: Designator=C47 Old Footprint=CAP Ceramic SMD 0603 New Footprint=CAP Ceramic SMD 0603
Change Component Footprint: Designator=C48 Old Footprint=CAP Ceramic SMD 0603 New Footprint=CAP Ceramic SMD 0603
Change Component Footprint: Designator=C49 Old Footprint=CAP Ceramic SMD 0603 New Footprint=CAP Ceramic SMD 0603
Change Component Footprint: Designator=C50 Old Footprint=CAP Ceramic SMD 0603 New Footprint=CAP Ceramic SMD 0603
Change Component Footprint: Designator=C51 Old Footprint=CAP Ceramic SMD 0603 New Footprint=CAP Ceramic SMD 0603
Change Component Footprint: Designator=C52 Old Footprint=CAP Ceramic SMD 0603 New Footprint=CAP Ceramic SMD 0603
Change Component Footprint: Designator=C53 Old Footprint=CAP Ceramic SMD 0603 New Footprint=CAP Ceramic SMD 0603
Change Component Footprint: Designator=C2 Old Footprint=CAP Ceramic SMD 1206 New Footprint=CAP Ceramic SMD 1206
Change Component Footprint: Designator=C3 Old Footprint=CAP Ceramic SMD 1206 New Footprint=CAP Ceramic SMD 1206
Change Component Footprint: Designator=C4 Old Footprint=CAP Ceramic SMD 1206 New Footprint=CAP Ceramic SMD 1206
Change Component Footprint: Designator=C8 Old Footprint=CAP Ceramic SMD 1206 New Footprint=CAP Ceramic SMD 1206
Change Component Footprint: Designator=C9 Old Footprint=CAP Ceramic SMD 1206 New Footprint=CAP Ceramic SMD 1206
Change Component Footprint: Designator=C11 Old Footprint=CAP Ceramic SMD 1206 New Footprint=CAP Ceramic SMD 1206
Change Component Footprint: Designator=C12 Old Footprint=CAP Ceramic SMD 1206 New Footprint=CAP Ceramic SMD 1206
Change Component Footprint: Designator=C13 Old Footprint=CAP Ceramic SMD 1206 New Footprint=CAP Ceramic SMD 1206
Change Component Footprint: Designator=C16 Old Footprint=CAP Ceramic SMD 1206 New Footprint=CAP Ceramic SMD 1206
Change Component Footprint: Designator=C17 Old Footprint=CAP Ceramic SMD 1206 New Footprint=CAP Ceramic SMD 1206
Change Component Footprint: Designator=C18 Old Footprint=CAP Ceramic SMD 1206 New Footprint=CAP Ceramic SMD 1206
Change Component Footprint: Designator=C25 Old Footprint=CAP Ceramic SMD 1206 New Footprint=CAP Ceramic SMD 1206
Change Component Footprint: Designator=C26 Old Footprint=CAP Ceramic SMD 1206 New Footprint=CAP Ceramic SMD 1206
Change Component Footprint: Designator=C32 Old Footprint=CAP Ceramic SMD 1206 New Footprint=CAP Ceramic SMD 1206
Change Component Footprint: Designator=C33 Old Footprint=CAP Ceramic SMD 1206 New Footprint=CAP Ceramic SMD 1206
Change Component Footprint: Designator=C34 Old Footprint=CAP Ceramic SMD 1206 New Footprint=CAP Ceramic SMD 1206
Change Component Footprint: Designator=C36 Old Footprint=CAP Ceramic SMD 1206 New Footprint=CAP Ceramic SMD 1206
Change Component Footprint: Designator=C43 Old Footprint=CAP Ceramic SMD 1206 New Footprint=CAP Ceramic SMD 1206
Change Component Footprint: Designator=C44 Old Footprint=CAP Ceramic SMD 1206 New Footprint=CAP Ceramic SMD 1206
Change Component Footprint: Designator=R3 Old Footprint=RES SMD 0603 New Footprint=RES SMD 0603
Change Component Footprint: Designator=R4 Old Footprint=RES SMD 0603 New Footprint=RES SMD 0603
Change Component Footprint: Designator=R7 Old Footprint=RES SMD 0603 New Footprint=RES SMD 0603
Change Component Footprint: Designator=R8 Old Footprint=RES SMD 0603 New Footprint=RES SMD 0603
Change Component Footprint: Designator=R9 Old Footprint=RES SMD 0603 New Footprint=RES SMD 0603
Change Component Footprint: Designator=R10 Old Footprint=RES SMD 0603 New Footprint=RES SMD 0603
Change Component Footprint: Designator=R11 Old Footprint=RES SMD 0603 New Footprint=RES SMD 0603
Change Component Footprint: Designator=R12 Old Footprint=RES SMD 0603 New Footprint=RES SMD 0603
Change Component Footprint: Designator=R13 Old Footprint=RES SMD 0603 New Footprint=RES SMD 0603
Change Component Footprint: Designator=R14 Old Footprint=RES SMD 0603 New Footprint=RES SMD 0603
Change Component Footprint: Designator=R15 Old Footprint=RES SMD 0603 New Footprint=RES SMD 0603
Change Component Footprint: Designator=R17 Old Footprint=RES SMD 0603 New Footprint=RES SMD 0603
Change Component Footprint: Designator=R18 Old Footprint=RES SMD 0603 New Footprint=RES SMD 0603
Change Component Footprint: Designator=R19 Old Footprint=RES SMD 0603 New Footprint=RES SMD 0603
Change Component Footprint: Designator=R20 Old Footprint=RES SMD 0603 New Footprint=RES SMD 0603
Change Component Footprint: Designator=R23 Old Footprint=RES SMD 0603 New Footprint=RES SMD 0603
Added Component: Designator=J9(AMASS_XT30PW-F)
Add component (AddParameter): Name = "Manufacturer"; Value = "Changzhou Amass Elec"; VariantName = "[No Variations]"
Add component (AddParameter): Name = "Manufacturer Part Number"; Value = "XT30PW-M"; VariantName = "[No Variations]"
Add component (AddParameter): Name = "Supplier"; Value = "LCSC"; VariantName = "[No Variations]"
Add component (AddParameter): Name = "Supplier Part Number"; Value = "C2913282"; VariantName = "[No Variations]"
Added Pin To Net: NetName=+21V Pin=J9-1
Added Pin To Net: NetName=GND Pin=J9-2
Added Member To Class: ClassName=EaglesPU50 Member=Component J9 XT30PW-M
Added Room: Name=EaglesPU50
